#
# A fatal error has been detected by the Java Runtime Environment:
#
#  EXCEPTION_ACCESS_VIOLATION (0xc0000005) at pc=0x000000006d980776, pid=14424, tid=10552
#
# JRE version: 6.0_45-b06
# Java VM: Java HotSpot(TM) 64-Bit Server VM (20.45-b01 mixed mode windows-amd64 compressed oops)
# Problematic frame:
# V  [jvm.dll+0xa0776]
#
# If you would like to submit a bug report, please visit:
#   http://java.sun.com/webapps/bugreport/crash.jsp
#

---------------  T H R E A D  ---------------

Current thread (0x00000000003fc800):  JavaThread "Finalizer" daemon [_thread_in_vm, id=10552, stack(0x0000000006090000,0x0000000006190000)]

siginfo: ExceptionCode=0xc0000005, reading address 0x000000000043cbbc

Registers:
RAX=0x00000000003fcbc0, RBX=0x00000000bba23ab9, RCX=0x000000000000ff00, RDX=0x000000000000ffff
RSP=0x000000000618dcb0, RBP=0x0000000000000001, RSI=0x0000000000000003, RDI=0x00000000000000a5
R8 =0x00000000003fd000, R9 =0x000000006d8e0000, R10=0x000000000618de90, R11=0x000000000000000c
R12=0x0000000000000000, R13=0x00000000bba23ac8, R14=0x0000000000000000, R15=0x0000000000000005
RIP=0x000000006d980776, EFLAGS=0x0000000000010206

Top of Stack: (sp=0x000000000618dcb0)
0x000000000618dcb0:   000000000000000c 000000006d9a387d
0x000000000618dcc0:   000000000618de30 0000000000000000
0x000000000618dcd0:   000000000000ffff 000000006d980eaa
0x000000000618dce0:   ffffffff00000000 000000006d98046c
0x000000000618dcf0:   00000000bba23ab8 0000000000000010
0x000000000618dd00:   0000000000000010 00000000003fcbc0
0x000000000618dd10:   0000000000000000 00000000003fc800
0x000000000618dd20:   000000000618de90 0000000000000020
0x000000000618dd30:   0000000000000014 000000006d980e92
0x000000000618dd40:   000000000618de90 0000000000348100
0x000000000618dd50:   0000000000000001 0000000000000001
0x000000000618dd60:   0000000000000019 000000006d9880c8
0x000000000618dd70:   000000000618de30 000000006d9a387d
0x000000000618dd80:   0000000000577b20 00000000003fc800
0x000000000618dd90:   000000000618e130 000007fefd42132c
0x000000000618dda0:   0000000000000000 000000006d9f862f 

Instructions: (pc=0x000000006d980776)
0x000000006d980756:   0f b7 44 1c 01 0f b6 c8 66 89 44 24 20 0f b6 44
0x000000006d980766:   24 21 66 c1 e1 08 0f b7 d1 48 0b d0 49 8b 42 20
0x000000006d980776:   0f b7 0c 90 66 41 89 4c 1c 01 e9 2a 01 00 00 45
0x000000006d980786:   8d 46 01 48 8b d3 49 8b ca e8 8c f9 ff ff 44 8a 


Register to memory mapping:

RAX=0x00000000003fcbc0 is an unknown value
RBX=0x00000000bba23ab9 is an oop
{constMethod} 
 - klass: {other class}
 - method:       0x00000000bba23ac8 {method} '<init>' '()V' in 'java/net/SocketException'
 - exceptions:   0x00000000b9601ef8
bci_from(00000000BBA23AB9) = 1; print_codes():
RCX=0x000000000000ff00 is an unknown value
RDX=0x000000000000ffff is an unknown value
RSP=0x000000000618dcb0 is pointing into the stack for thread: 0x00000000003fc800
RBP=0x0000000000000001 is an unknown value
RSI=0x0000000000000003 is an unknown value
RDI=0x00000000000000a5 is an unknown value
R8 =0x00000000003fd000 is an unknown value
R9 =0x000000006d8e0000 is an unknown value
R10=0x000000000618de90 is pointing into the stack for thread: 0x00000000003fc800
R11=0x000000000000000c is an unknown value
R12=0x0000000000000000 is an unknown value
R13=0x00000000bba23ac8 is an oop
{method} 
 - klass: {other class}
R14=0x0000000000000000 is an unknown value
R15=0x0000000000000005 is an unknown value


Stack: [0x0000000006090000,0x0000000006190000],  sp=0x000000000618dcb0,  free space=1015k
Native frames: (J=compiled Java code, j=interpreted, Vv=VM code, C=native code)
V  [jvm.dll+0xa0776]

Java frames: (J=compiled Java code, j=interpreted, Vv=VM code)
j  java.net.SocketOutputStream.socketWrite0(Ljava/io/FileDescriptor;[BII)V+0
j  java.net.SocketOutputStream.socketWrite([BII)V+44
j  java.net.SocketOutputStream.write([BII)V+4
j  java.io.BufferedOutputStream.flushBuffer()V+20
j  java.io.BufferedOutputStream.flush()V+1
j  com.mysql.jdbc.MysqlIO.send(Lcom/mysql/jdbc/Buffer;I)V+318
j  com.mysql.jdbc.MysqlIO.quit()V+65
j  com.mysql.jdbc.ConnectionImpl.realClose(ZZZLjava/lang/Throwable;)V+199
j  com.mysql.jdbc.ConnectionImpl.cleanup(Ljava/lang/Throwable;)V+19
j  com.mysql.jdbc.ConnectionImpl.finalize()V+2
v  ~StubRoutines::call_stub
j  java.lang.ref.Finalizer.invokeFinalizeMethod(Ljava/lang/Object;)V+0
j  java.lang.ref.Finalizer.runFinalizer()V+45
j  java.lang.ref.Finalizer.access$100(Ljava/lang/ref/Finalizer;)V+1
j  java.lang.ref.Finalizer$FinalizerThread.run()V+24
v  ~StubRoutines::call_stub

---------------  P R O C E S S  ---------------

Java Threads: ( => current thread )
  0x0000000006c17800 JavaThread "Timer-13" daemon [_thread_blocked, id=12128, stack(0x0000000009d70000,0x0000000009e70000)]
  0x0000000007267800 JavaThread "Timer-2" daemon [_thread_blocked, id=10304, stack(0x000000000a220000,0x000000000a320000)]
  0x0000000008b8d800 JavaThread "btpool0-1" [_thread_blocked, id=12888, stack(0x0000000009930000,0x0000000009a30000)]
  0x0000000006c90000 JavaThread "btpool0-0 - Acceptor0 SelectChannelConnector@0.0.0.0:8080" [_thread_in_native, id=12844, stack(0x0000000009830000,0x0000000009930000)]
  0x0000000007a86000 JavaThread "StopMonitor" daemon [_thread_in_native, id=5716, stack(0x0000000009730000,0x0000000009830000)]
  0x00000000061fe800 JavaThread "Low Memory Detector" daemon [_thread_blocked, id=15864, stack(0x0000000006790000,0x0000000006890000)]
  0x00000000061f3000 JavaThread "C2 CompilerThread1" daemon [_thread_blocked, id=7544, stack(0x0000000006690000,0x0000000006790000)]
  0x00000000061ec000 JavaThread "C2 CompilerThread0" daemon [_thread_blocked, id=512, stack(0x0000000006590000,0x0000000006690000)]
  0x00000000061a5000 JavaThread "Attach Listener" daemon [_thread_blocked, id=12620, stack(0x0000000006490000,0x0000000006590000)]
  0x00000000061a0000 JavaThread "Signal Dispatcher" daemon [_thread_blocked, id=10420, stack(0x0000000006390000,0x0000000006490000)]
=>0x00000000003fc800 JavaThread "Finalizer" daemon [_thread_in_vm, id=10552, stack(0x0000000006090000,0x0000000006190000)]
  0x00000000003f5800 JavaThread "Reference Handler" daemon [_thread_blocked, id=12772, stack(0x0000000005f90000,0x0000000006090000)]
  0x000000000057b800 JavaThread "main" [_thread_blocked, id=14592, stack(0x0000000002070000,0x0000000002170000)]

Other Threads:
  0x00000000003ec000 VMThread [stack: 0x0000000005e90000,0x0000000005f90000] [id=16352]
  0x0000000006210000 WatcherThread [stack: 0x0000000006890000,0x0000000006990000] [id=11460]

VM state:synchronizing (normal execution)

VM Mutex/Monitor currently owned by a thread:  ([mutex/lock_event])
[0x0000000000579bd0] Threads_lock - owner thread: 0x00000000003ec000
[0x000000000057a0d0] Heap_lock - owner thread: 0x0000000007267800

Heap
 PSYoungGen      total 31488K, used 807K [0x00000000eb200000, 0x00000000ed130000, 0x0000000100000000)
  eden space 30976K, 2% used [0x00000000eb200000,0x00000000eb2c9d70,0x00000000ed040000)
  from space 512K, 0% used [0x00000000ed040000,0x00000000ed040000,0x00000000ed0c0000)
  to   space 448K, 0% used [0x00000000ed0c0000,0x00000000ed0c0000,0x00000000ed130000)
 PSOldGen        total 684032K, used 18304K [0x00000000c1600000, 0x00000000eb200000, 0x00000000eb200000)
  object space 684032K, 2% used [0x00000000c1600000,0x00000000c27e02a8,0x00000000eb200000)
 PSPermGen       total 131072K, used 131072K [0x00000000b9600000, 0x00000000c1600000, 0x00000000c1600000)
  object space 131072K, 100% used [0x00000000b9600000,0x00000000c1600000,0x00000000c1600000)

Code Cache  [0x0000000002170000, 0x0000000002570000, 0x0000000005170000)
 total_blobs=1236 nmethods=847 adapters=341 free_code_cache=46235712 largest_free_block=8896

Dynamic libraries:
0x0000000000400000 - 0x000000000042f000 	D:\Java\jdk1.6.0_45\bin\java.exe
0x00000000772b0000 - 0x0000000077459000 	C:\Windows\SYSTEM32\ntdll.dll
0x0000000077090000 - 0x00000000771af000 	C:\Windows\system32\kernel32.dll
0x000007fefd420000 - 0x000007fefd48b000 	C:\Windows\system32\KERNELBASE.dll
0x000007feff4e0000 - 0x000007feff5bb000 	C:\Windows\system32\ADVAPI32.dll
0x000007fefe730000 - 0x000007fefe7cf000 	C:\Windows\system32\msvcrt.dll
0x000007fefe4b0000 - 0x000007fefe4cf000 	C:\Windows\SYSTEM32\sechost.dll
0x000007fefea30000 - 0x000007fefeb5d000 	C:\Windows\system32\RPCRT4.dll
0x000000006d8e0000 - 0x000000006e09c000 	D:\Java\jdk1.6.0_45\jre\bin\server\jvm.dll
0x00000000771b0000 - 0x00000000772aa000 	C:\Windows\system32\USER32.dll
0x000007fefeb70000 - 0x000007fefebd7000 	C:\Windows\system32\GDI32.dll
0x000007fefe8a0000 - 0x000007fefe8ae000 	C:\Windows\system32\LPK.dll
0x000007fefe7d0000 - 0x000007fefe899000 	C:\Windows\system32\USP10.dll
0x000007fefc140000 - 0x000007fefc17b000 	C:\Windows\system32\WINMM.dll
0x000007fefd650000 - 0x000007fefd67e000 	C:\Windows\system32\IMM32.DLL
0x000007feff350000 - 0x000007feff459000 	C:\Windows\system32\MSCTF.dll
0x000000006d850000 - 0x000000006d85e000 	D:\Java\jdk1.6.0_45\jre\bin\verify.dll
0x000000006d460000 - 0x000000006d487000 	D:\Java\jdk1.6.0_45\jre\bin\java.dll
0x000000006d8a0000 - 0x000000006d8b2000 	D:\Java\jdk1.6.0_45\jre\bin\zip.dll
0x000000006d6c0000 - 0x000000006d6d7000 	D:\Java\jdk1.6.0_45\jre\bin\net.dll
0x000007fefef50000 - 0x000007fefef9d000 	C:\Windows\system32\WS2_32.dll
0x000007fefeb60000 - 0x000007fefeb68000 	C:\Windows\system32\NSI.dll
0x000007fefca30000 - 0x000007fefca85000 	C:\Windows\system32\mswsock.dll
0x000007fefca20000 - 0x000007fefca27000 	C:\Windows\System32\wship6.dll
0x000000006d6e0000 - 0x000000006d6ec000 	D:\Java\jdk1.6.0_45\jre\bin\nio.dll
0x000007fefc420000 - 0x000007fefc427000 	C:\Windows\System32\wshtcpip.dll
0x000007fefca90000 - 0x000007fefcaa7000 	C:\Windows\system32\CRYPTSP.dll
0x000007fefc790000 - 0x000007fefc7d7000 	C:\Windows\system32\rsaenh.dll
0x000007fefc5b0000 - 0x000007fefc5ce000 	C:\Windows\system32\USERENV.dll
0x000007fefd200000 - 0x000007fefd20f000 	C:\Windows\system32\profapi.dll
0x000007fefd090000 - 0x000007fefd09f000 	C:\Windows\system32\CRYPTBASE.dll
0x000007fefaa10000 - 0x000007fefaa25000 	C:\Windows\system32\NLAapi.dll
0x000007fef7a00000 - 0x000007fef7a15000 	C:\Windows\system32\napinsp.dll
0x000007fef79e0000 - 0x000007fef79f9000 	C:\Windows\system32\pnrpnsp.dll
0x000007fefc8b0000 - 0x000007fefc90b000 	C:\Windows\system32\DNSAPI.dll
0x000007fef79d0000 - 0x000007fef79db000 	C:\Windows\System32\winrnr.dll
0x000007fefaa30000 - 0x000007fefaa57000 	C:\Windows\system32\IPHLPAPI.DLL
0x000007fefafa0000 - 0x000007fefafab000 	C:\Windows\system32\WINNSI.DLL
0x000007fef9d60000 - 0x000007fef9d68000 	C:\Windows\system32\rasadhlp.dll
0x000007fefa4d0000 - 0x000007fefa523000 	C:\Windows\System32\fwpuclnt.dll
0x000000006d600000 - 0x000000006d60a000 	D:\Java\jdk1.6.0_45\jre\bin\management.dll
0x0000000077470000 - 0x0000000077477000 	C:\Windows\system32\PSAPI.DLL

VM Arguments:
jvm_args: -XX:MaxPermSize=128M -Dclassworlds.conf=C:\android\apache-maven-3.2.2\bin\..\bin\m2.conf -Dmaven.home=C:\android\apache-maven-3.2.2\bin\.. 
java_command: org.codehaus.plexus.classworlds.launcher.Launcher jetty:run
Launcher Type: SUN_STANDARD

Environment Variables:
JAVA_HOME=D:\Java\jdk1.6.0_45
PATH=C:\Program Files (x86)\Common Files\NetSarang;C:\Program Files (x86)\Intel\iCLS Client\;C:\Program Files\Intel\iCLS Client\;C:\Windows\system32;C:\Windows;C:\Windows\System32\Wbem;C:\Windows\System32\WindowsPowerShell\v1.0\;C:\Program Files\Intel\Intel(R) Management Engine Components\DAL;C:\Program Files\Intel\Intel(R) Management Engine Components\IPT;C:\Program Files (x86)\Intel\Intel(R) Management Engine Components\DAL;C:\Program Files (x86)\Intel\Intel(R) Management Engine Components\IPT;C:\Program Files (x86)\Intel\OpenCL SDK\2.0\bin\x86;C:\Program Files (x86)\Intel\OpenCL SDK\2.0\bin\x64;C:\Program Files\TortoiseSVN\bin;C:\Program Files (x86)\Windows Kits\8.1\Windows Performance Toolkit\;C:\Program Files\Microsoft SQL Server\110\Tools\Binn\;D:\study\cocos2d-x-3.1.1\tools\cocos2d-console\bin;D:\Java\jdk1.6.0_45\bin;C:\android\sdk\platform-tools;C:\android\sdk\tools;C:\android\apache-ant-1.9.2\bin;C:\Python27;D:\tools\arc\arcanist\bin;c:\php;C:\android\apache-maven-3.2.2\bin
USERNAME=nidliang
OS=Windows_NT
PROCESSOR_IDENTIFIER=Intel64 Family 6 Model 42 Stepping 7, GenuineIntel



---------------  S Y S T E M  ---------------

OS: Windows 7 , 64 bit Build 7601 Service Pack 1

CPU:total 4 (2 cores per cpu, 2 threads per core) family 6 model 42 stepping 7, cmov, cx8, fxsr, mmx, sse, sse2, sse3, ssse3, sse4.1, sse4.2, popcnt, ht

Memory: 4k page, physical 4100376k(1176488k free), swap 8198908k(1711456k free)

vm_info: Java HotSpot(TM) 64-Bit Server VM (20.45-b01) for windows-amd64 JRE (1.6.0_45-b06), built on Apr  1 2013 12:31:37 by "java_re" with MS VC++ 8.0 (VS2005)

time: Thu Aug 28 16:50:45 2014
elapsed time: 448 seconds

